
Showing logs for build [32mcb-kubecd-environment-pr-200-5-xws8t-1[0m stage [32mfrom-build-pack[0m and container [32mstep-credential-initializer-m859n[0m
{"level":"warn","ts":1586901424.784027,"logger":"fallback-logger","caller":"logging/config.go:69","msg":"Fetch GitHub commit ID from kodata failed: \"ref: refs/heads/0.8.0-**-support-backwards-incompats\" is not a valid GitHub commit ID"}
{"level":"info","ts":1586901424.7846904,"logger":"fallback-logger","caller":"creds-init/main.go:40","msg":"Credentials initialized."}

Showing logs for build [32mcb-kubecd-environment-pr-200-5-xws8t-1[0m stage [32mfrom-build-pack[0m and container [32mstep-working-dir-initializer-q54x7[0m
{"level":"warn","ts":1586901426.180727,"logger":"fallback-logger","caller":"logging/config.go:69","msg":"Fetch GitHub commit ID from kodata failed: open /var/run/ko/HEAD: no such file or directory"}
{"level":"info","ts":1586901426.1822615,"logger":"fallback-logger","caller":"bash/main.go:64","msg":"Successfully executed command \"sh -c mkdir -p /workspace/source\"; output "}

Showing logs for build [32mcb-kubecd-environment-pr-200-5-xws8t-1[0m stage [32mfrom-build-pack[0m and container [32mstep-place-tools[0m

Showing logs for build [32mcb-kubecd-environment-pr-200-5-xws8t-1[0m stage [32mfrom-build-pack[0m and container [32mstep-git-source-cb-kubecd-environment-pr-200-5-xws8t-ptd7g[0m
{"level":"warn","ts":1586901430.269376,"logger":"fallback-logger","caller":"logging/config.go:69","msg":"Fetch GitHub commit ID from kodata failed: \"ref: refs/heads/0.8.0-**-support-backwards-incompats\" is not a valid GitHub commit ID"}
{"level":"info","ts":1586901431.3468435,"logger":"fallback-logger","caller":"git/git.go:103","msg":"Successfully cloned https://github.com/cb-kubecd/environment-pr-200-5-boot-gke-staging.git @ master in path /workspace/source"}

Showing logs for build [32mcb-kubecd-environment-pr-200-5-xws8t-1[0m stage [32mfrom-build-pack[0m and container [32mstep-git-merge[0m
Using SHAs from PULL_REFS=master:08124bad16714451d5fca3d68a59eb47c7712840,8:d85f39ac9ddbeb56dab9f4932ebb8918ef5c5d6a
DEBUG: LC_ALL=C JX_LOG_LEVEL=error git fetch origin --unshallow d85f39ac9ddbeb56dab9f4932ebb8918ef5c5d6a: 08124bad16714451d5fca3d68a59eb47c7712840:
DEBUG: ran git fetch --unshallow origin d85f39ac9ddbeb56dab9f4932ebb8918ef5c5d6a: 08124bad16714451d5fca3d68a59eb47c7712840: in 
DEBUG: LC_ALL=C JX_LOG_LEVEL=error git branch
DEBUG: LC_ALL=C JX_LOG_LEVEL=error git checkout master
DEBUG: ran git checkout master in 
DEBUG: LC_ALL=C JX_LOG_LEVEL=error git reset --hard 08124bad16714451d5fca3d68a59eb47c7712840
DEBUG: ran git reset --hard 08124bad16714451d5fca3d68a59eb47c7712840 in 
DEBUG: LC_ALL=C JX_LOG_LEVEL=error git clean -fd .
DEBUG: ran clean --force -d . in 
DEBUG: LC_ALL=C JX_LOG_LEVEL=error git merge d85f39ac9ddbeb56dab9f4932ebb8918ef5c5d6a
DEBUG: ran git merge d85f39ac9ddbeb56dab9f4932ebb8918ef5c5d6a in 
DEBUG: LC_ALL=C JX_LOG_LEVEL=error git log --format=%H%x1f%an%x1f%ae%x1f%cn%x1f%ce%x1f%s%n%b%x1e 08124bad16714451d5fca3d68a59eb47c7712840..HEAD
Merged SHA d85f39ac9ddbeb56dab9f4932ebb8918ef5c5d6a with commit message 'chore: Promote bdd-sbrp-import-1586899727 to version 0.0.1' into base branch master

Showing logs for build [32mcb-kubecd-environment-pr-200-5-xws8t-1[0m stage [32mfrom-build-pack[0m and container [32mstep-build-helm-build[0m
WARNING: No $CHART_REPOSITORY defined so using the default value of: http://jenkins-x-chartmuseum:8080
Adding missing Helm repo: storage.googleapis.com https://storage.googleapis.com/chartmuseum.jenkins-x.io
WARNING: No secrets found on "helm/repos" due: reading the secret "helm/repos" from vault: no secret "helm/repos" not found in vault
Read credentials for https://storage.googleapis.com/chartmuseum.jenkins-x.io from vault helm/repos
Successfully added Helm repository storage.googleapis.com.
Adding missing Helm repo: jenkins-x-chartmuseum http://jenkins-x-chartmuseum:8080
WARNING: No secrets found on "helm/repos" due: reading the secret "helm/repos" from vault: no secret "helm/repos" not found in vault
Read credentials for http://jenkins-x-chartmuseum:8080 from vault helm/repos
Successfully added Helm repository jenkins-x-chartmuseum.
WARNING: No $CHART_REPOSITORY defined so using the default value of: http://jenkins-x-chartmuseum:8080
Adding missing Helm repo: chartmuseum.jenkins-x.io http://chartmuseum.jenkins-x.io
WARNING: No secrets found on "helm/repos" due: reading the secret "helm/repos" from vault: no secret "helm/repos" not found in vault
Read credentials for http://chartmuseum.jenkins-x.io from vault helm/repos
Successfully added Helm repository chartmuseum.jenkins-x.io.
